<?xml version="1.0" encoding="UTF-8"?>
<testsuite name="Academy Choucair" tests="1" skipped="1" failures="0" errors="0" timestamp="2021-02-10T19:16:38" hostname="DESKTOP-28BTK4M" time="0.051">
  <properties/>
  <testcase name="Search for a automation course" classname="Academy Choucair" time="0.051">
    <skipped/>
  </testcase>
  <system-out><![CDATA[]]></system-out>
  <system-err><![CDATA[[Test worker] WARN net.thucydides.core.steps.BaseStepListener - stepStarted: net.thucydides.core.steps.ExecutedStepDescription@581653e3
[Test worker] INFO net.thucydides.core.steps.ConsoleLoggingListener - TEST PENDING
[Test worker] WARN net.thucydides.core.steps.BaseStepListener - stepStarted: net.thucydides.core.steps.ExecutedStepDescription@5e7acf08
[Test worker] WARN net.thucydides.core.steps.BaseStepListener - stepStarted: net.thucydides.core.steps.ExecutedStepDescription@75f7895
[Test worker] WARN net.thucydides.core.steps.BaseStepListener - testFinished: Search for a automation course:Given than camilo wants to learn automation at the academy
| srtUser | srtPassword |
| 1017250077 | Choucair2021* |, When he search for the course on the choucair academy
| srtCourse |
| Prueba Técnica - Analista Bancolombia |, Then he finds the course called resources
| srtCourse |
| Prueba Técnica - Analista Bancolombia |
[Test worker] WARN net.thucydides.core.steps.BaseStepListener - TestOutcomes: [Search for a automation course:Given than camilo wants to learn automation at the academy
| srtUser | srtPassword |
| 1017250077 | Choucair2021* |, When he search for the course on the choucair academy
| srtCourse |
| Prueba Técnica - Analista Bancolombia |, Then he finds the course called resources
| srtCourse |
| Prueba Técnica - Analista Bancolombia |]
[Test worker] WARN net.thucydides.core.steps.BaseStepListener - Final testOutcomes: [Search for a automation course:Given than camilo wants to learn automation at the academy
| srtUser | srtPassword |
| 1017250077 | Choucair2021* |, When he search for the course on the choucair academy
| srtCourse |
| Prueba Técnica - Analista Bancolombia |, Then he finds the course called resources
| srtCourse |
| Prueba Técnica - Analista Bancolombia |]
[Test worker] INFO net.thucydides.core.steps.ConsoleLoggingListener - 
          __  _____ _____ ____ _____   ____  _____ _   _ ____ ___ _   _  ____ 
 _       / / |_   _| ____/ ___|_   _| |  _ \| ____| \ | |  _ \_ _| \ | |/ ___|
(_)____ / /    | | |  _| \___ \ | |   | |_) |  _| |  \| | | | | ||  \| | |  _ 
 |_____/ /     | | | |___ ___) || |   |  __/| |___| |\  | |_| | || |\  | |_| |
(_)   /_/      |_| |_____|____/ |_|   |_|   |_____|_| \_|____/___|_| \_|\____|
                                                                                

TEST PENDING: Search for a automation course
---------------------------------------------------------------------------------
]]></system-err>
</testsuite>
